mode: set
github.com/tamboto2000/ksqldbx/net/client.go:74.73,78.27 3 1
github.com/tamboto2000/ksqldbx/net/client.go:78.27,80.3 1 1
github.com/tamboto2000/ksqldbx/net/client.go:82.2,82.58 1 1
github.com/tamboto2000/ksqldbx/net/client.go:82.58,84.3 1 1
github.com/tamboto2000/ksqldbx/net/client.go:86.2,88.19 2 1
github.com/tamboto2000/ksqldbx/net/client.go:88.19,90.17 2 1
github.com/tamboto2000/ksqldbx/net/client.go:90.17,92.4 1 0
github.com/tamboto2000/ksqldbx/net/client.go:95.2,103.8 1 1
github.com/tamboto2000/ksqldbx/net/client.go:106.26,108.2 1 0
github.com/tamboto2000/ksqldbx/net/client.go:111.64,113.2 1 0
github.com/tamboto2000/ksqldbx/net/client.go:116.84,117.39 1 0
github.com/tamboto2000/ksqldbx/net/client.go:117.39,119.3 1 0
github.com/tamboto2000/ksqldbx/net/client.go:121.2,122.16 2 0
github.com/tamboto2000/ksqldbx/net/client.go:122.16,125.3 2 0
github.com/tamboto2000/ksqldbx/net/client.go:126.2,126.18 1 0
github.com/tamboto2000/ksqldbx/net/client.go:130.49,132.2 1 0
github.com/tamboto2000/ksqldbx/net/client.go:135.114,136.39 1 0
github.com/tamboto2000/ksqldbx/net/client.go:136.39,138.3 1 0
github.com/tamboto2000/ksqldbx/net/client.go:140.2,141.16 2 0
github.com/tamboto2000/ksqldbx/net/client.go:141.16,144.3 2 0
github.com/tamboto2000/ksqldbx/net/client.go:146.2,146.23 1 0
github.com/tamboto2000/ksqldbx/net/client.go:146.23,148.3 1 0
github.com/tamboto2000/ksqldbx/net/client.go:150.2,150.18 1 0
github.com/tamboto2000/ksqldbx/net/client.go:153.37,154.82 1 0
github.com/tamboto2000/ksqldbx/net/client.go:154.82,158.3 2 0
github.com/tamboto2000/ksqldbx/net/client.go:159.2,159.11 1 0
github.com/tamboto2000/ksqldbx/net/transport.go:111.47,113.27 1 1
github.com/tamboto2000/ksqldbx/net/transport.go:113.27,115.3 1 1
github.com/tamboto2000/ksqldbx/net/transport.go:118.2,118.38 1 1
github.com/tamboto2000/ksqldbx/net/transport.go:118.38,120.3 1 1
github.com/tamboto2000/ksqldbx/net/transport.go:121.2,121.34 1 1
github.com/tamboto2000/ksqldbx/net/transport.go:121.34,122.27 1 1
github.com/tamboto2000/ksqldbx/net/transport.go:122.27,124.4 1 0
github.com/tamboto2000/ksqldbx/net/transport.go:124.9,126.4 1 1
github.com/tamboto2000/ksqldbx/net/transport.go:128.2,128.40 1 1
github.com/tamboto2000/ksqldbx/net/transport.go:128.40,130.3 1 1
github.com/tamboto2000/ksqldbx/net/transport.go:131.2,131.40 1 1
github.com/tamboto2000/ksqldbx/net/transport.go:131.40,133.3 1 1
github.com/tamboto2000/ksqldbx/net/transport.go:135.2,151.23 3 1
github.com/tamboto2000/ksqldbx/net/transport.go:151.23,158.115 2 0
github.com/tamboto2000/ksqldbx/net/transport.go:158.115,161.4 2 0
github.com/tamboto2000/ksqldbx/net/transport.go:163.3,168.23 2 0
github.com/tamboto2000/ksqldbx/net/transport.go:168.23,169.45 1 0
github.com/tamboto2000/ksqldbx/net/transport.go:169.45,171.5 1 0
github.com/tamboto2000/ksqldbx/net/transport.go:172.4,172.41 1 0
github.com/tamboto2000/ksqldbx/net/transport.go:172.41,174.5 1 0
github.com/tamboto2000/ksqldbx/net/transport.go:176.3,176.13 1 0
github.com/tamboto2000/ksqldbx/net/transport.go:176.13,177.8 1 0
github.com/tamboto2000/ksqldbx/net/transport.go:177.8,178.12 1 0
github.com/tamboto2000/ksqldbx/net/transport.go:179.48,180.40 1 0
github.com/tamboto2000/ksqldbx/net/transport.go:181.20,182.12 1 0
github.com/tamboto2000/ksqldbx/net/transport.go:187.3,187.12 1 0
github.com/tamboto2000/ksqldbx/net/transport.go:189.8,196.22 2 1
github.com/tamboto2000/ksqldbx/net/transport.go:196.22,197.45 1 1
github.com/tamboto2000/ksqldbx/net/transport.go:197.45,199.5 1 0
github.com/tamboto2000/ksqldbx/net/transport.go:200.4,200.41 1 1
github.com/tamboto2000/ksqldbx/net/transport.go:200.41,202.5 1 0
github.com/tamboto2000/ksqldbx/net/transport.go:205.3,205.13 1 1
github.com/tamboto2000/ksqldbx/net/transport.go:205.13,206.8 1 1
github.com/tamboto2000/ksqldbx/net/transport.go:206.8,207.12 1 1
github.com/tamboto2000/ksqldbx/net/transport.go:208.48,209.39 1 0
github.com/tamboto2000/ksqldbx/net/transport.go:210.19,211.12 1 0
github.com/tamboto2000/ksqldbx/net/transport.go:216.3,216.11 1 1
github.com/tamboto2000/ksqldbx/net/transport.go:222.29,223.15 1 0
github.com/tamboto2000/ksqldbx/net/transport.go:223.15,226.3 2 0
github.com/tamboto2000/ksqldbx/net/transport.go:232.74,236.17 4 0
github.com/tamboto2000/ksqldbx/net/transport.go:236.17,237.23 1 0
github.com/tamboto2000/ksqldbx/net/transport.go:237.23,242.4 4 0
github.com/tamboto2000/ksqldbx/net/transport.go:244.3,245.18 2 0
github.com/tamboto2000/ksqldbx/net/transport.go:245.18,247.18 2 0
github.com/tamboto2000/ksqldbx/net/transport.go:247.18,249.5 1 0
github.com/tamboto2000/ksqldbx/net/transport.go:251.8,253.3 1 0
github.com/tamboto2000/ksqldbx/net/transport.go:255.2,255.17 1 0
github.com/tamboto2000/ksqldbx/net/transport.go:259.85,262.23 3 0
github.com/tamboto2000/ksqldbx/net/transport.go:262.23,265.3 2 0
github.com/tamboto2000/ksqldbx/net/transport.go:265.8,267.3 1 0
github.com/tamboto2000/ksqldbx/net/transport.go:270.2,277.18 6 0
github.com/tamboto2000/ksqldbx/net/transport.go:282.70,286.2 3 0
github.com/tamboto2000/ksqldbx/net/transport.go:290.61,294.2 3 0
github.com/tamboto2000/ksqldbx/net/transport.go:297.46,300.2 2 0
github.com/tamboto2000/ksqldbx/net/transport.go:303.80,305.42 1 0
github.com/tamboto2000/ksqldbx/net/transport.go:305.42,307.4 1 0
github.com/tamboto2000/ksqldbx/net/transport.go:308.40,310.4 1 0
github.com/tamboto2000/ksqldbx/net/transport.go:311.38,313.4 1 0
github.com/tamboto2000/ksqldbx/net/transport.go:314.44,316.4 1 0
github.com/tamboto2000/ksqldbx/net/transport.go:317.29,319.4 1 0
github.com/tamboto2000/ksqldbx/net/transport.go:320.54,322.4 1 0
github.com/tamboto2000/ksqldbx/net/transport.go:323.25,325.4 1 0
github.com/tamboto2000/ksqldbx/net/transport.go:326.40,328.4 1 0
github.com/tamboto2000/ksqldbx/net/transport.go:329.24,331.4 1 0
github.com/tamboto2000/ksqldbx/net/transport.go:332.54,333.22 1 0
github.com/tamboto2000/ksqldbx/net/transport.go:333.22,335.5 1 0
github.com/tamboto2000/ksqldbx/net/transport.go:335.10,337.5 1 0
github.com/tamboto2000/ksqldbx/net/transport.go:339.32,341.4 1 0
github.com/tamboto2000/ksqldbx/net/transport.go:343.2,343.73 1 0
github.com/tamboto2000/ksqldbx/internal/utils/test_data.go:9.48,26.2 2 0
github.com/tamboto2000/ksqldbx/internal/utils/test_data.go:28.37,42.2 2 0
github.com/tamboto2000/ksqldbx/internal/utils/utils.go:27.44,30.16 3 1
github.com/tamboto2000/ksqldbx/internal/utils/utils.go:30.16,32.3 1 1
github.com/tamboto2000/ksqldbx/internal/utils/utils.go:33.2,33.18 1 1
github.com/tamboto2000/ksqldbx/internal/utils/utils.go:33.18,35.3 1 1
github.com/tamboto2000/ksqldbx/internal/utils/utils.go:36.2,36.47 1 1
github.com/tamboto2000/ksqldbx/internal/utils/utils.go:36.47,38.3 1 1
github.com/tamboto2000/ksqldbx/internal/utils/utils.go:39.2,39.15 1 1
github.com/tamboto2000/ksqldbx/internal/utils/utils.go:45.43,49.2 3 1
github.com/tamboto2000/ksqldbx/internal/scanner/scanner.go:11.32,12.17 1 1
github.com/tamboto2000/ksqldbx/internal/scanner/scanner.go:12.17,14.3 1 0
github.com/tamboto2000/ksqldbx/internal/scanner/scanner.go:16.2,18.69 3 1
github.com/tamboto2000/ksqldbx/internal/scanner/scanner.go:18.69,19.35 1 1
github.com/tamboto2000/ksqldbx/internal/scanner/scanner.go:19.35,21.4 1 1
github.com/tamboto2000/ksqldbx/internal/scanner/scanner.go:23.3,23.17 1 1
github.com/tamboto2000/ksqldbx/internal/scanner/scanner.go:26.2,26.16 1 1
github.com/tamboto2000/ksqldbx/internal/scanner/scanner.go:26.16,28.3 1 0
github.com/tamboto2000/ksqldbx/internal/scanner/scanner.go:30.2,30.16 1 1
github.com/tamboto2000/ksqldbx/internal/scanner/scanner.go:30.16,33.3 2 0
github.com/tamboto2000/ksqldbx/internal/scanner/scanner.go:35.2,36.69 2 1
github.com/tamboto2000/ksqldbx/internal/scanner/scanner.go:36.69,38.3 1 0
github.com/tamboto2000/ksqldbx/internal/scanner/scanner.go:40.2,40.31 1 1
github.com/tamboto2000/ksqldbx/internal/scanner/scanner.go:40.31,42.3 1 0
github.com/tamboto2000/ksqldbx/internal/scanner/scanner.go:44.2,47.12 3 1
github.com/tamboto2000/ksqldbx/close_query.go:9.71,11.16 2 0
github.com/tamboto2000/ksqldbx/close_query.go:11.16,13.3 1 0
github.com/tamboto2000/ksqldbx/close_query.go:15.2,17.37 2 0
github.com/tamboto2000/ksqldbx/close_query.go:17.37,19.64 2 0
github.com/tamboto2000/ksqldbx/close_query.go:19.64,21.4 1 0
github.com/tamboto2000/ksqldbx/close_query.go:23.3,23.13 1 0
github.com/tamboto2000/ksqldbx/close_query.go:26.2,26.12 1 0
github.com/tamboto2000/ksqldbx/error.go:17.33,19.2 1 0
github.com/tamboto2000/ksqldbx/error.go:21.47,23.61 2 1
github.com/tamboto2000/ksqldbx/error.go:23.61,25.3 1 0
github.com/tamboto2000/ksqldbx/error.go:27.2,27.12 1 1
github.com/tamboto2000/ksqldbx/exec_stmnt.go:105.83,108.16 3 1
github.com/tamboto2000/ksqldbx/exec_stmnt.go:108.16,110.3 1 0
github.com/tamboto2000/ksqldbx/exec_stmnt.go:112.2,114.37 2 1
github.com/tamboto2000/ksqldbx/exec_stmnt.go:114.37,116.64 2 1
github.com/tamboto2000/ksqldbx/exec_stmnt.go:116.64,118.4 1 0
github.com/tamboto2000/ksqldbx/exec_stmnt.go:120.3,120.19 1 1
github.com/tamboto2000/ksqldbx/exec_stmnt.go:123.2,123.64 1 1
github.com/tamboto2000/ksqldbx/exec_stmnt.go:123.64,125.3 1 0
github.com/tamboto2000/ksqldbx/exec_stmnt.go:127.2,127.18 1 1
github.com/tamboto2000/ksqldbx/http.go:10.97,12.16 2 1
github.com/tamboto2000/ksqldbx/http.go:12.16,14.3 1 0
github.com/tamboto2000/ksqldbx/http.go:16.2,16.50 1 1
github.com/tamboto2000/ksqldbx/http.go:19.96,22.16 3 0
github.com/tamboto2000/ksqldbx/http.go:22.16,24.3 1 0
github.com/tamboto2000/ksqldbx/http.go:26.2,26.49 1 0
github.com/tamboto2000/ksqldbx/http.go:29.94,31.16 2 1
github.com/tamboto2000/ksqldbx/http.go:31.16,33.3 1 0
github.com/tamboto2000/ksqldbx/http.go:35.2,35.43 1 1
github.com/tamboto2000/ksqldbx/http.go:38.104,41.2 2 1
github.com/tamboto2000/ksqldbx/ksqldb.go:12.51,14.16 2 1
github.com/tamboto2000/ksqldbx/ksqldb.go:14.16,16.3 1 0
github.com/tamboto2000/ksqldbx/ksqldb.go:18.2,22.18 2 1
github.com/tamboto2000/ksqldbx/pull_query.go:14.82,23.16 4 1
github.com/tamboto2000/ksqldbx/pull_query.go:23.16,25.3 1 0
github.com/tamboto2000/ksqldbx/pull_query.go:27.2,29.27 2 1
github.com/tamboto2000/ksqldbx/pull_query.go:29.27,31.3 1 1
github.com/tamboto2000/ksqldbx/pull_query.go:33.2,35.6 3 1
github.com/tamboto2000/ksqldbx/pull_query.go:35.6,37.17 2 1
github.com/tamboto2000/ksqldbx/pull_query.go:37.17,38.48 1 1
github.com/tamboto2000/ksqldbx/pull_query.go:38.48,40.5 1 0
github.com/tamboto2000/ksqldbx/pull_query.go:42.4,42.28 1 1
github.com/tamboto2000/ksqldbx/pull_query.go:45.3,45.19 1 1
github.com/tamboto2000/ksqldbx/pull_query.go:45.19,46.56 1 1
github.com/tamboto2000/ksqldbx/pull_query.go:46.56,48.5 1 0
github.com/tamboto2000/ksqldbx/pull_query.go:50.4,51.12 2 1
github.com/tamboto2000/ksqldbx/pull_query.go:54.3,55.52 2 1
github.com/tamboto2000/ksqldbx/pull_query.go:55.52,57.4 1 0
github.com/tamboto2000/ksqldbx/pull_query.go:59.3,59.27 1 1
github.com/tamboto2000/ksqldbx/push_query.go:16.109,25.16 4 1
github.com/tamboto2000/ksqldbx/push_query.go:25.16,27.3 1 1
github.com/tamboto2000/ksqldbx/push_query.go:29.2,31.37 2 1
github.com/tamboto2000/ksqldbx/push_query.go:31.37,33.3 1 0
github.com/tamboto2000/ksqldbx/push_query.go:35.2,39.6 3 1
github.com/tamboto2000/ksqldbx/push_query.go:39.6,40.10 1 1
github.com/tamboto2000/ksqldbx/push_query.go:41.21,42.14 1 0
github.com/tamboto2000/ksqldbx/push_query.go:43.11,45.18 2 1
github.com/tamboto2000/ksqldbx/push_query.go:45.18,46.49 1 1
github.com/tamboto2000/ksqldbx/push_query.go:46.49,48.6 1 0
github.com/tamboto2000/ksqldbx/push_query.go:50.5,50.15 1 1
github.com/tamboto2000/ksqldbx/push_query.go:53.4,53.22 1 1
github.com/tamboto2000/ksqldbx/push_query.go:53.22,54.13 1 0
github.com/tamboto2000/ksqldbx/push_query.go:57.4,57.21 1 1
github.com/tamboto2000/ksqldbx/push_query.go:57.21,59.56 2 1
github.com/tamboto2000/ksqldbx/push_query.go:59.56,61.6 1 0
github.com/tamboto2000/ksqldbx/push_query.go:63.5,64.13 2 1
github.com/tamboto2000/ksqldbx/push_query.go:67.4,68.53 2 0
github.com/tamboto2000/ksqldbx/push_query.go:68.53,70.5 1 0
github.com/tamboto2000/ksqldbx/push_query.go:72.4,72.18 1 0
github.com/tamboto2000/ksqldbx/query.go:5.45,7.2 1 0
github.com/tamboto2000/ksqldbx/query.go:9.43,11.2 1 0
github.com/tamboto2000/ksqldbx/query.go:15.45,17.2 1 0
github.com/tamboto2000/ksqldbx/query.go:19.39,21.2 1 0
github.com/tamboto2000/ksqldbx/row.go:11.38,12.25 1 0
github.com/tamboto2000/ksqldbx/row.go:12.25,14.3 1 0
github.com/tamboto2000/ksqldbx/row.go:16.2,16.22 1 0
github.com/tamboto2000/ksqldbx/row.go:16.22,17.50 1 0
github.com/tamboto2000/ksqldbx/row.go:17.50,19.4 1 0
github.com/tamboto2000/ksqldbx/row.go:22.2,22.12 1 0
